<?xml version="1.0" encoding="UTF-8"?>
<testsuite xmlns:xsi="http://www.w3.org/2001/XMLSchema-instance" xsi:noNamespaceSchemaLocation="https://maven.apache.org/surefire/maven-surefire-plugin/xsd/surefire-test-report.xsd" name="com.mycompany.app.AppTest" time="0.019" tests="1" errors="0" skipped="0" failures="0">
  <properties>
    <property name="gopherProxySet" value="false"/>
    <property name="awt.toolkit" value="sun.lwawt.macosx.LWCToolkit"/>
    <property name="file.encoding.pkg" value="sun.io"/>
    <property name="java.specification.version" value="1.8"/>
    <property name="sun.cpu.isalist" value=""/>
    <property name="sun.jnu.encoding" value="UTF-8"/>
    <property name="java.class.path" value="/Users/tkoroleva/work/my_jenkins/mavenProj/my-app/target/test-classes:/Users/tkoroleva/work/my_jenkins/mavenProj/my-app/target/classes:/Users/tkoroleva/.m2/repository/junit/junit/4.11/junit-4.11.jar:/Users/tkoroleva/.m2/repository/org/hamcrest/hamcrest-core/1.3/hamcrest-core-1.3.jar:"/>
    <property name="java.vm.vendor" value="Azul Systems, Inc."/>
    <property name="sun.arch.data.model" value="64"/>
    <property name="java.vendor.url" value="http://www.azulsystems.com/"/>
    <property name="user.timezone" value=""/>
    <property name="java.vm.specification.version" value="1.8"/>
    <property name="os.name" value="Mac OS X"/>
    <property name="user.country" value="RU"/>
    <property name="sun.java.launcher" value="SUN_STANDARD"/>
    <property name="sun.boot.library.path" value="/Users/tkoroleva/work/zulu8_42/zulu8.42.0.23-ca-jdk8.0.232-macosx_x64/jre/lib"/>
    <property name="sun.java.command" value="/Users/tkoroleva/work/my_jenkins/mavenProj/my-app/target/surefire/surefirebooter6335687504224838045.jar /Users/tkoroleva/work/my_jenkins/mavenProj/my-app/target/surefire 2019-11-29T13-23-30_327-jvmRun1 surefire9086960904452964152tmp surefire_04539282162153328697tmp"/>
    <property name="http.nonProxyHosts" value="local|*.local|169.254/16|*.169.254/16"/>
    <property name="surefire.test.class.path" value="/Users/tkoroleva/work/my_jenkins/mavenProj/my-app/target/test-classes:/Users/tkoroleva/work/my_jenkins/mavenProj/my-app/target/classes:/Users/tkoroleva/.m2/repository/junit/junit/4.11/junit-4.11.jar:/Users/tkoroleva/.m2/repository/org/hamcrest/hamcrest-core/1.3/hamcrest-core-1.3.jar:"/>
    <property name="sun.cpu.endian" value="little"/>
    <property name="user.home" value="/Users/tkoroleva"/>
    <property name="user.language" value="en"/>
    <property name="java.specification.vendor" value="Oracle Corporation"/>
    <property name="java.home" value="/Users/tkoroleva/work/zulu8_42/zulu8.42.0.23-ca-jdk8.0.232-macosx_x64/jre"/>
    <property name="basedir" value="/Users/tkoroleva/work/my_jenkins/mavenProj/my-app"/>
    <property name="file.separator" value="/"/>
    <property name="line.separator" value="&#10;"/>
    <property name="java.vm.specification.vendor" value="Oracle Corporation"/>
    <property name="java.specification.name" value="Java Platform API Specification"/>
    <property name="java.awt.graphicsenv" value="sun.awt.CGraphicsEnvironment"/>
    <property name="surefire.real.class.path" value="/Users/tkoroleva/work/my_jenkins/mavenProj/my-app/target/surefire/surefirebooter6335687504224838045.jar"/>
    <property name="sun.boot.class.path" value="/Users/tkoroleva/work/zulu8_42/zulu8.42.0.23-ca-jdk8.0.232-macosx_x64/jre/lib/resources.jar:/Users/tkoroleva/work/zulu8_42/zulu8.42.0.23-ca-jdk8.0.232-macosx_x64/jre/lib/rt.jar:/Users/tkoroleva/work/zulu8_42/zulu8.42.0.23-ca-jdk8.0.232-macosx_x64/jre/lib/sunrsasign.jar:/Users/tkoroleva/work/zulu8_42/zulu8.42.0.23-ca-jdk8.0.232-macosx_x64/jre/lib/jsse.jar:/Users/tkoroleva/work/zulu8_42/zulu8.42.0.23-ca-jdk8.0.232-macosx_x64/jre/lib/jce.jar:/Users/tkoroleva/work/zulu8_42/zulu8.42.0.23-ca-jdk8.0.232-macosx_x64/jre/lib/charsets.jar:/Users/tkoroleva/work/zulu8_42/zulu8.42.0.23-ca-jdk8.0.232-macosx_x64/jre/lib/jfr.jar:/Users/tkoroleva/work/zulu8_42/zulu8.42.0.23-ca-jdk8.0.232-macosx_x64/jre/classes"/>
    <property name="sun.management.compiler" value="HotSpot 64-Bit Tiered Compilers"/>
    <property name="ftp.nonProxyHosts" value="local|*.local|169.254/16|*.169.254/16"/>
    <property name="java.runtime.version" value="1.8.0_232-b18"/>
    <property name="user.name" value="tkoroleva"/>
    <property name="path.separator" value=":"/>
    <property name="os.version" value="10.14.6"/>
    <property name="java.endorsed.dirs" value="/Users/tkoroleva/work/zulu8_42/zulu8.42.0.23-ca-jdk8.0.232-macosx_x64/jre/lib/endorsed"/>
    <property name="java.runtime.name" value="OpenJDK Runtime Environment"/>
    <property name="file.encoding" value="UTF-8"/>
    <property name="java.vm.name" value="OpenJDK 64-Bit Server VM"/>
    <property name="localRepository" value="/Users/tkoroleva/.m2/repository"/>
    <property name="java.vendor.url.bug" value="http://www.azulsystems.com/support/"/>
    <property name="java.io.tmpdir" value="/var/folders/zb/nfnp68156kv2j7470ncmn1680000gn/T/"/>
    <property name="java.version" value="1.8.0_232"/>
    <property name="user.dir" value="/Users/tkoroleva/work/my_jenkins/mavenProj/my-app"/>
    <property name="os.arch" value="x86_64"/>
    <property name="java.vm.specification.name" value="Java Virtual Machine Specification"/>
    <property name="java.awt.printerjob" value="sun.lwawt.macosx.CPrinterJob"/>
    <property name="sun.os.patch.level" value="unknown"/>
    <property name="java.library.path" value="/Users/tkoroleva/Library/Java/Extensions:/Library/Java/Extensions:/Network/Library/Java/Extensions:/System/Library/Java/Extensions:/usr/lib/java:."/>
    <property name="java.vm.info" value="mixed mode"/>
    <property name="java.vendor" value="Azul Systems, Inc."/>
    <property name="java.vm.version" value="25.232-b18"/>
    <property name="java.ext.dirs" value="/Users/tkoroleva/Library/Java/Extensions:/Users/tkoroleva/work/zulu8_42/zulu8.42.0.23-ca-jdk8.0.232-macosx_x64/jre/lib/ext:/Library/Java/Extensions:/Network/Library/Java/Extensions:/System/Library/Java/Extensions:/usr/lib/java"/>
    <property name="sun.io.unicode.encoding" value="UnicodeBig"/>
    <property name="java.class.version" value="52.0"/>
    <property name="socksNonProxyHosts" value="local|*.local|169.254/16|*.169.254/16"/>
  </properties>
  <testcase name="shouldAnswerWithTrue" classname="com.mycompany.app.AppTest" time="0.001"/>
</testsuite>